0: command not found
[2026-03-29T03:24:44] Running sync
{"success":false,"error":"fetch failed"}
[2026-03-30T02:00:01] Running sync
{"success":false,"syncro":{"success":false,"error":"Unexpected token 'M', \"Method Not Allowed\" is not valid JSON"},"domains":{"success":false,"error":"Unexpected token '<', \"<!DOCTYPE \"... is not valid JSON"}}
[2026-03-31T02:00:01] Running sync
{"success":false,"syncro":{"success":false,"error":"Unexpected token 'M', \"Method Not Allowed\" is not valid JSON"},"domains":{"success":false,"error":"Unexpected token '<', \"<!DOCTYPE \"... is not valid JSON"}}
[2026-04-01T02:00:01] Running sync
{"success":false,"syncro":{"success":false,"error":"Unexpected token 'M', \"Method Not Allowed\" is not valid JSON"},"domains":{"success":false,"error":"Unexpected token '<', \"<!DOCTYPE \"... is not valid JSON"}}
[2026-04-02T02:00:01] Running sync
{"success":false,"syncro":{"success":false,"error":"Unexpected token 'M', \"Method Not Allowed\" is not valid JSON"},"domains":{"success":false,"error":"Unexpected token '<', \"<!DOCTYPE \"... is not valid JSON"}}
[2026-04-03T02:00:01] Running sync
{"success":false,"syncro":{"success":false,"error":"Unexpected token 'M', \"Method Not Allowed\" is not valid JSON"},"domains":{"success":false,"error":"Unexpected token '<', \"<!DOCTYPE \"... is not valid JSON"}}
[2026-04-04T02:00:01] Running sync
{"success":false,"syncro":{"success":false,"error":"Unexpected token 'M', \"Method Not Allowed\" is not valid JSON"},"domains":{"success":false,"error":"Unexpected token '<', \"<!DOCTYPE \"... is not valid JSON"}}
[2026-04-05T02:00:01] Running sync
{"success":false,"syncro":{"success":false,"error":"Unexpected token 'M', \"Method Not Allowed\" is not valid JSON"},"domains":{"success":false,"error":"Unexpected token '<', \"<!DOCTYPE \"... is not valid JSON"}}
[2026-04-06T02:00:01] Running sync
{"success":false,"syncro":{"success":false,"error":"Unexpected token 'M', \"Method Not Allowed\" is not valid JSON"},"domains":{"success":false,"error":"Unexpected token '<', \"<!DOCTYPE \"... is not valid JSON"}}
[2026-04-07T02:00:01] Running sync
{"success":false,"syncro":{"success":false,"error":"Unexpected token 'M', \"Method Not Allowed\" is not valid JSON"},"domains":{"success":false,"error":"Unexpected token '<', \"<!DOCTYPE \"... is not valid JSON"}}
[2026-04-08T02:00:01] Running sync
{"success":false,"syncro":{"success":false,"error":"Unexpected token 'M', \"Method Not Allowed\" is not valid JSON"},"domains":{"success":false,"error":"Unexpected token '<', \"<!DOCTYPE \"... is not valid JSON"}}
[2026-04-09T02:00:01] Running sync
{"success":false,"syncro":{"success":false,"error":"Unexpected token 'M', \"Method Not Allowed\" is not valid JSON"},"domains":{"success":false,"error":"Unexpected token '<', \"<!DOCTYPE \"... is not valid JSON"},"alerts":{"success":false,"error":"Unexpected token '<', \"<!DOCTYPE \"... is not valid JSON"}}
[2026-04-11T02:00:01] Running sync
{"success":false,"syncro":{"success":false,"error":"Unexpected token 'M', \"Method Not Allowed\" is not valid JSON"},"domains":{"success":false,"error":"Unexpected token '<', \"<!DOCTYPE \"... is not valid JSON"},"alerts":{"success":false,"error":"Unexpected token '<', \"<!DOCTYPE \"... is not valid JSON"},"synology":{"success":false,"error":"Unexpected token '<', \"<!DOCTYPE \"... is not valid JSON"}}
[2026-04-12T02:00:01] Running sync
{"success":false,"syncro":{"success":false,"error":"Unexpected token 'M', \"Method Not Allowed\" is not valid JSON"},"domains":{"success":false,"error":"Unexpected token '<', \"<!DOCTYPE \"... is not valid JSON"},"alerts":{"success":false,"error":"Unexpected token '<', \"<!DOCTYPE \"... is not valid JSON"},"synology":{"success":false,"error":"Unexpected token '<', \"<!DOCTYPE \"... is not valid JSON"}}
